<?xml version="1.0" encoding="UTF-8"?>
<!-- Generated by org.testng.reporters.JUnitXMLReporter -->
<testsuite ignored="0" hostname="Kanwar07" failures="1" tests="5" name="Surefire test" time="4.632" errors="0" timestamp="2022-09-22T12:34:22 IST">
  <testcase classname="TestingVedioGameAPI.TestResponseFromVideoGameDb" name="deleteExistingVedioGame" time="2.164"/>
  <testcase classname="TestingVedioGameAPI.TestResponseFromVideoGameDb" name="getSingleGameDetails" time="1.508"/>
  <testcase classname="TestingVedioGameAPI.TestResponseFromVideoGameDb" name="putRequestUpdatingExistingVedioGame" time="0.766">
    <failure type="java.lang.AssertionError" message="1 expectation failed.
XML path vediogames.reviewScore doesn&amp;apos;t match.
Expected: 8
  Actual: &amp;lt;&amp;gt;
">
      <![CDATA[java.lang.AssertionError: 1 expectation failed.
XML path vediogames.reviewScore doesn't match.
Expected: 8
  Actual: <>

at org.codehaus.groovy.runtime.callsite.ConstructorSite$ConstructorSiteNoUnwrap.callConstructor(ConstructorSite.java:86)
at org.codehaus.groovy.runtime.callsite.CallSiteArray.defaultCallConstructor(CallSiteArray.java:58)
at org.codehaus.groovy.runtime.callsite.AbstractCallSite.callConstructor(AbstractCallSite.java:263)
at org.codehaus.groovy.runtime.callsite.AbstractCallSite.callConstructor(AbstractCallSite.java:277)
at io.restassured.internal.ResponseSpecificationImpl$HamcrestAssertionClosure.validate(ResponseSpecificationImpl.groovy:512)
at io.restassured.internal.ResponseSpecificationImpl$HamcrestAssertionClosure$validate$1.call(Unknown Source)
at io.restassured.internal.ResponseSpecificationImpl.validateResponseIfRequired(ResponseSpecificationImpl.groovy:696)
at io.restassured.internal.ResponseSpecificationImpl.this$2$validateResponseIfRequired(ResponseSpecificationImpl.groovy)
at org.codehaus.groovy.runtime.callsite.PlainObjectMetaMethodSite.doInvoke(PlainObjectMetaMethodSite.java:43)
at org.codehaus.groovy.runtime.callsite.PogoMetaMethodSite$PogoCachedMethodSiteNoUnwrapNoCoerce.invoke(PogoMetaMethodSite.java:198)
at org.codehaus.groovy.runtime.callsite.PogoMetaMethodSite.callCurrent(PogoMetaMethodSite.java:62)
at org.codehaus.groovy.runtime.callsite.AbstractCallSite.callCurrent(AbstractCallSite.java:185)
at io.restassured.internal.ResponseSpecificationImpl.body(ResponseSpecificationImpl.groovy:270)
at io.restassured.specification.ResponseSpecification$body$2.callCurrent(Unknown Source)
at io.restassured.internal.ResponseSpecificationImpl.body(ResponseSpecificationImpl.groovy:117)
at io.restassured.internal.ValidatableResponseOptionsImpl.body(ValidatableResponseOptionsImpl.java:244)
at TestingVedioGameAPI.TestResponseFromVideoGameDb.putRequestUpdatingExistingVedioGame(TestResponseFromVideoGameDb.java:69)
at java.base/java.util.ArrayList.forEach(ArrayList.java:1541)
... Removed 42 stack frames]]>
    </failure>
  </testcase> <!-- putRequestUpdatingExistingVedioGame -->
  <testcase classname="TestingVedioGameAPI.TestResponseFromVideoGameDb" name="getResponseVediogameFromDb" time="0.057"/>
  <testcase classname="TestingVedioGameAPI.TestResponseFromVideoGameDb" name="postResponseOfAddingNewGameInDb" time="0.067"/>
</testsuite> <!-- Surefire test -->
