<?xml version="1.0" encoding="UTF-8"?>
<!-- Generated by org.testng.reporters.JUnitXMLReporter -->
<testsuite ignored="4" hostname="Kanwar07" failures="0" tests="1" name="Default test" time="2.089" errors="0" timestamp="2022-09-22T12:30:06 IST">
  <testcase classname="TestingVedioGameAPI.TestResponseFromVideoGameDb" name="deleteExistingVedioGame" time="2.026"/>
  <testcase classname="TestingVedioGameAPI.TestResponseFromVideoGameDb" name="getResponseVediogameFromDb" time="0.0">
    <ignored/>
  </testcase> <!-- getResponseVediogameFromDb -->
  <testcase classname="TestingVedioGameAPI.TestResponseFromVideoGameDb" name="putRequestUpdatingExistingVedioGame" time="0.0">
    <ignored/>
  </testcase> <!-- putRequestUpdatingExistingVedioGame -->
  <testcase classname="TestingVedioGameAPI.TestResponseFromVideoGameDb" name="postResponseOfAddingNewGameInDb" time="0.0">
    <ignored/>
  </testcase> <!-- postResponseOfAddingNewGameInDb -->
  <testcase classname="TestingVedioGameAPI.TestResponseFromVideoGameDb" name="getSingleGameDetails" time="0.0">
    <ignored/>
  </testcase> <!-- getSingleGameDetails -->
</testsuite> <!-- Default test -->
