-------------------------------------------------------------------------------
Test set: TestingVedioGameAPI.TestResponseFromVideoGameDb
-------------------------------------------------------------------------------
Tests run: 5, Failures: 1, Errors: 0, Skipped: 0, Time elapsed: 5.402 s <<< FAILURE! - in TestingVedioGameAPI.TestResponseFromVideoGameDb
putRequestUpdatingExistingVedioGame(TestingVedioGameAPI.TestResponseFromVideoGameDb)  Time elapsed: 1.053 s  <<< FAILURE!
java.lang.AssertionError: 
1 expectation failed.
XML path vediogames.reviewScore doesn't match.
Expected: 8
  Actual: <>

	at TestingVedioGameAPI.TestResponseFromVideoGameDb.putRequestUpdatingExistingVedioGame(TestResponseFromVideoGameDb.java:69)

